394
1185
177
486
393
478
990
999
589
1453
166
172
217
201
707
980
1349
431
84
288
1434
1500
689
720
804
532
180
739
783
178
546
895
190
279
253
611
827
497
922
1304
451
848
390
498
801
155
466
1233
1137
1473
41
634
35
1402
925
1273
141
198
430
1299
327
1158
1928
550
341
0
582
431
572
157
238
297
462
659
523
2226
202
1502
336
1197
777
489
707
888
1296
1482
1200
263
848
770
618
250
1464
690
526
1508
396
423
165
330
317
38
899
603
794
1161
487
195
777
41
571
511
108
2069
0
513
93
293
250
474
159
1152
1238
112
678
529
141
366
575
122
131
1250
225
775
1073
831
268
348
716
1571
564
146
478
622
84
99
320
829
377
1006
731
550
962
67
0
678
637
657
567
474
877
238
1934
0
86
1063
1096
243
571
284
1233
641
1284
612
626
1417
665
167
589
1719
2
1123
861
725
727
1539
2038
598
49
162
419
820
575
465
1075
0
822
776
0
68
1796
0
2084
831
84
1038
411
420
127
1444
1000
2084
0
403
1504
855
0
1166
1423
1612
951
1280
1240
1131
937
1131
466
1045
446
418
352
91
49
814
1233
465
466
147
808
1360
541
976
344
683
634
457
573
723
595
648
279
144
228
1415
1377
774
174
0
757
643
1201
1077
84
377
772
1136
1560
243
1008
953
238
496
285
109
167
749
424
1612
726
556
653
397
192
871
221
1021
124
551
439
529
623
1131
1690
207
448
578
164
758
572
1098
598
584
467
313
550
756
444
87
575
1832
512
632
715
0
118
680
799
184
477
829
139
760
1145
533
988
598
550
444
570
328
412
649
433
352
1934
635
127
106
47
957
1098
272
315
643
823
1719
367
790
1216
526
1453
455
182
1314
1800
1280
475
377
1183
1587
1150
71
120
932
343
355
111
1120
257
246
812
593
698
0
589
743
103
542
451
449
650
836
1546
213
1280
589
1414
1593
524
1139
585
243
1916
369
287
279
1078
1032
774
112
377
2117
824
789
997
0
1377
668
943
413
0
865
473
1229
589
1019
971
10
254
818
745
300
1524
697
181
742
367
468
632
378
662
28
820
500
669
213
191
107
550
1151
716
603
841
1012
1863
482
661
936
313
1910
126
446
953
746
328
17
1198
1149
1149
528
637
323
1280
905
877
0
112
1219
62
130
84
89
410
519
1578
317
1871
727
458
1094
741
217
749
803
231
272
264
185
583
637
578
1288
405
804
849
597
868
949
1536
1000
1349
466
814
996
584
96
1087
519
978
426
554
518
503
317
721
182
1240
489
621
1437
322
289
165
846
1425
1411
201
402
808
673
46
420
1067
499
644
306
1185
383
441
721
1536
508
745
605
649
238
61
684
527
1553
112
340
888
975
425
1170
336
933
1292
257
903
745
1121
1329
903
1153
520
1182
759
317
822
839
852
1253
834
615
261
952
111
191
279
1468
1385
1356
497
940
1197
1118
829
936
290
366
668
405
1118
549
550
86
1226
578
933
409
737
791
0
401
615
355
698
1181
421
947
990
51
280
933
523
373
641
1067
1019
736
380
93
744
705
395
584
2000
2049
54
267
388
1297
956
1461
449
810
474
346
734
1166
1112
420
965
2002
382
758
622
0
749
1094
989
141
369
437
1260
336
284
660
454
1019
267
1655
1257
567
445
1125
939
42
12
315
356
29
627
652
345
731
962
369
796
1238
265
893
248
697
339
143
203
627
482
1086
766
0
0
46
698
126
603
847
485
706
396
1152
1174
458
547
637
565
976
811
953
640
815
296
365
456
1304
0
979
768
342
0
465
1185
100
1297
383
1165
352
626
511
1017
933
211
1125
1166
1270
0
49
244
779
838
350
0
701
432
392
674
0
91
134
1049
766
342
201
1162
372
550
1201
564
72
36
377
827
295
202
1157
701
377
303
111
1015
1535
525
2000
348
517
2056
1219
420
815
177
945
304
1349
845
883
182
585
212
888
123
776
959
104
663
463
985
1246
0
1417
139
582
424
787
208
652
1817
603
854
382
964
211
198
899
215
873
1102
1149
1155
701
274
413
688
830
185
617
359
84
798
174
1560
168
833
1183
398
379
1196
766
887
699
460
824
668
416
94
567
1594
1086
1327
920
157
749
1646
237
1154
110
534
406
419
2121
477
1477
660
960
1000
0
965
512
1123
1217
711
734
824
2360
262
997
736
339
1299
1643
738
58
827
1164
1667
1197
726
1238
1246
621
1217
350
339
1245
749
162
342
272
958
1143
2002
550
642
709
427
903
28
0
197
0
100
901
564
923
454
778
362
1137
735
