920
189
721
333
221
361
279
143
1846
0
898
263
1592
24
1761
631
1
523
235
74
1081
151
79
709
705
35
524
375
971
576
139
776
1277
1125
1075
547
604
1026
555
651
538
444
792
0
284
607
596
235
1737
0
536
201
397
1044
1713
507
869
219
363
84
1517
272
668
191
414
807
748
625
592
378
0
411
310
99
0
13
406
1175
427
867
435
312
0
415
10
7
0
985
563
197
412
460
816
767
1006
1713
26
29
333
429
1473
590
540
1175
480
784
590
403
189
919
611
53
721
179
603
411
0
392
827
779
841
343
0
827
160
1125
0
1791
263
742
326
462
199
1088
234
607
375
10
706
345
712
656
318
356
726
829
668
531
141
179
1081
346
394
1132
0
613
516
470
637
66
348
67
457
1195
631
1174
648
164
840
378
92
118
644
473
255
1009
550
1784
374
173
1206
387
612
0
48
565
604
524
580
683
1162
348
646
103
227
312
200
910
71
471
92
744
283
442
321
645
1582
256
661
544
80
1232
1328
305
105
459
771
455
583
276
1006
160
397
0
30
1162
550
371
1251
442
484
301
645
611
18
114
1829
14
43
724
1425
332
246
397
381
797
1500
314
1872
48
498
614
0
1000
429
82
304
434
609
550
442
602
266
422
251
125
193
263
156
246
334
0
625
538
513
449
853
287
119
114
291
1160
1168
104
338
312
1181
728
321
338
648
75
663
0
204
1110
794
14
695
77
0
1031
483
1175
273
1736
408
482
632
1025
369
119
1735
727
280
1630
119
62
329
1741
572
190
466
387
35
1803
616
891
604
759
600
689
67
1784
0
718
1153
823
578
54
288
555
484
342
354
0
414
0
576
611
226
802
1110
611
768
425
303
668
106
653
283
373
259
981
272
1006
372
67
260
273
517
540
1230
569
0
723
194
95
442
0
614
596
26
1490
37
411
18
272
742
101
193
943
14
668
1399
42
914
723
444
1651
118
517
479
379
1293
272
399
131
542
673
1473
1518
255
564
886
809
1110
1026
43
565
523
550
30
1630
174
1644
945
708
1026
361
881
719
1542
160
366
0
1713
130
483
582
333
1651
555
966
1088
1517
0
298
82
622
98
103
1367
283
30
1617
1517
1399
322
18
334
1006
378
1689
1044
491
1026
247
540
189
620
1110
13
213
118
336
1668
192
1097
1803
521
18
302
242
523
217
623
1872
1001
1587
920
35
640
925
461
226
1518
0
405
224
833
701
853
516
266
699
518
505
348
934
507
1741
193
130
588
105
232
629
603
564
372
18
373
1367
234
349
704
1026
65
80
0
1560
1735
528
1006
1437
1731
515
179
580
521
92
1791
0
533
387
372
409
233
644
42
516
1207
1780
380
1659
88
312
603
538
592
708
1597
1630
321
914
326
662
775
934
1811
131
264
1459
114
405
756
985
1026
778
140
459
49
83
394
24
1761
794
478
680
1172
318
268
947
4
1
197
0
734
380
1760
718
53
968
154
197
1468
323
533
467
361
256
323
0
988
371
409
1160
561
783
734
1213
831
650
1617
0
934
216
253
615
101
322
500
662
371
415
334
0
42
411
394
704
327
430
914
1741
227
299
338
92
683
562
1052
61
198
478
406
1732
496
226
1054
795
103
210
56
263
1728
254
98
869
283
331
371
680
227
469
139
919
213
489
781
62
766
623
968
326
761
161
4
379
1486
807
985
95
557
1459
914
348
249
430
920
907
63
343
569
338
148
1230
286
631
427
449
478
550
287
534
460
1473
468
113
0
401
237
467
0
311
963
371
0
354
795
1328
403
369
304
659
659
572
62
105
397
769
771
1644
492
807
211
1736
1198
371
759
1468
207
1087
63
483
632
1829
1644
559
365
0
65
483
1729
302
333
18
599
1784
966
321
303
919
939
792
580
10
0
272
540
539
657
36
226
1289
369
434
712
435
572
799
18
0
637
490
853
96
1289
277
662
31
158
113
1075
1119
286
0
662
907
457
248
798
207
1362
1255
63
807
668
405
0
218
84
65
286
1791
427
1846
43
770
743
406
393
705
1500
118
699
53
211
155
279
1009
520
334
80
968
632
28
468
1157
478
417
882
447
0
421
98
609
349
371
887
201
97
601
860
1133
292
121
829
271
417
668
1042
1732
104
592
0
224
989
27
421
657
614
370
1582
1074
512
337
1732
444
0
312
1118
1812
218
0
767
66
761
173
201
357
939
308
784
193
220
118
0
474
130
1090
24
370
0
232
1052
824
95
354
532
1658
629
320
34
1732
71
795
0
1741
734
220
0
648
354
52
56
312
576
1006
1612
340
49
809
576
276
10
703
651
581
340
